[2017-02-10, 12:00:15] Файл логов сокращён для ротации...
[2017-02-10, 12:00:15] [ver. 7] Создана жесткая ссылка для em002_32_n20.nup
[2017-02-10, 12:00:15] [ver. 7] Создана жесткая ссылка для em021_32_l1.nup
[2017-02-10, 12:00:15] [ver. 7] Создана жесткая ссылка для em021_32_n1.nup
[2017-02-10, 12:00:15] [ver. 7] Создана жесткая ссылка для em021_32_n2.nup
[2017-02-10, 12:00:15] [ver. 7] Создана жесткая ссылка для em021_32_n3.nup
[2017-02-10, 12:00:15] [ver. 7] Создана жесткая ссылка для em021_32_n4.nup
[2017-02-10, 12:00:15] [ver. 7] Создана жесткая ссылка для em021_32_n5.nup
[2017-02-10, 12:00:15] [ver. 7] Создана жесткая ссылка для em021_32_n6.nup
[2017-02-10, 12:00:15] [ver. 7] Создана жесткая ссылка для em021_32_n7.nup
[2017-02-10, 12:00:15] [ver. 7] Создана жесткая ссылка для em021_32_n8.nup
[2017-02-10, 12:00:15] [ver. 7] Создана жесткая ссылка для em021_32_n9.nup
[2017-02-10, 12:00:15] [ver. 7] Создана жесткая ссылка для em021_32_n10.nup
[2017-02-10, 12:00:15] [ver. 7] Создана жесткая ссылка для em021_32_n11.nup
[2017-02-10, 12:00:15] [ver. 7] Создана жесткая ссылка для em021_32_n12.nup
[2017-02-10, 12:00:15] [ver. 7] Создана жесткая ссылка для em021_32_n13.nup
[2017-02-10, 12:00:15] [ver. 7] Создана жесткая ссылка для em021_32_n14.nup
[2017-02-10, 12:00:15] [ver. 7] Создана жесткая ссылка для em021_32_n15.nup
[2017-02-10, 12:00:15] [ver. 7] Создана жесткая ссылка для em023_32_l1.nup
[2017-02-10, 12:00:15] [ver. 7] Создана жесткая ссылка для em023_32_n1.nup
[2017-02-10, 12:00:15] [ver. 7] Создана жесткая ссылка для em023_32_n2.nup
[2017-02-10, 12:00:15] [ver. 7] Создана жесткая ссылка для em023_32_n3.nup
[2017-02-10, 12:00:15] [ver. 7] Создана жесткая ссылка для em023_32_n4.nup
[2017-02-10, 12:00:15] [ver. 7] Создана жесткая ссылка для em023_32_n5.nup
[2017-02-10, 12:00:15] [ver. 7] Создана жесткая ссылка для em023_32_n6.nup
[2017-02-10, 12:00:15] [ver. 7] Создана жесткая ссылка для em023_32_n7.nup
[2017-02-10, 12:00:15] [ver. 7] Создана жесткая ссылка для em023_32_n8.nup
[2017-02-10, 12:00:15] [ver. 7] Создана жесткая ссылка для em023_32_n9.nup
[2017-02-10, 12:00:15] [ver. 7] Создана жесткая ссылка для em023_32_n10.nup
[2017-02-10, 12:00:15] [ver. 7] Создана жесткая ссылка для em023_32_n11.nup
[2017-02-10, 12:00:15] [ver. 7] Создана жесткая ссылка для em023_32_n12.nup
[2017-02-10, 12:00:15] [ver. 7] Создана жесткая ссылка для em023_32_n13.nup
[2017-02-10, 12:00:15] [ver. 7] Создана жесткая ссылка для em023_32_n14.nup
[2017-02-10, 12:00:15] [ver. 7] Создана жесткая ссылка для em023_32_n15.nup
[2017-02-10, 12:00:15] [ver. 7] Создана жесткая ссылка для em023_32_n16.nup
[2017-02-10, 12:00:15] [ver. 7] Создана жесткая ссылка для em023_32_n17.nup
[2017-02-10, 12:00:15] [ver. 7] Создана жесткая ссылка для em023_32_n18.nup
[2017-02-10, 12:00:15] [ver. 7] Создана жесткая ссылка для em023_32_n19.nup
[2017-02-10, 12:00:15] [ver. 7] Создана жесткая ссылка для em023_32_n20.nup
[2017-02-10, 12:00:15] [ver. 7] Загрузка 1 файлов
[2017-02-10, 12:00:15] [ver. 7] С um23.eset.com загружено em002_32_n17.nup [167.85 KBytes] [668.93 KBytes/s]
[2017-02-10, 12:00:15] [ver. 7] Удалено файлов: 60
[2017-02-10, 12:00:15] [ver. 7] Удалено каталогов: 5
[2017-02-10, 12:00:15] [ver. 7] Общий размер базы: 136.54 MBytes
[2017-02-10, 12:00:15] [ver. 7] Всего загружено: 167.85 KBytes
[2017-02-10, 12:00:15] [ver. 7] Средняя скорость: 603.22 KBytes/s
[2017-02-10, 12:00:15] [ver. 7] Ваша база была успешно обновлена от версии 14913 (20170210) до версии 14914 (20170210)
[2017-02-10, 12:00:16] [ver. 8] Создана жесткая ссылка для em002_32_l2.nup
[2017-02-10, 12:00:16] [ver. 8] Создана жесткая ссылка для em002_32_n1.nup
[2017-02-10, 12:00:16] [ver. 8] Создана жесткая ссылка для em002_32_n2.nup
[2017-02-10, 12:00:16] [ver. 8] Создана жесткая ссылка для em002_32_n3.nup
[2017-02-10, 12:00:16] [ver. 8] Создана жесткая ссылка для em002_32_n4.nup
[2017-02-10, 12:00:16] [ver. 8] Создана жесткая ссылка для em002_32_n5.nup
[2017-02-10, 12:00:16] [ver. 8] Создана жесткая ссылка для em002_32_n6.nup
[2017-02-10, 12:00:16] [ver. 8] Создана жесткая ссылка для em002_32_n7.nup
[2017-02-10, 12:00:16] [ver. 8] Создана жесткая ссылка для em002_32_n8.nup
[2017-02-10, 12:00:16] [ver. 8] Создана жесткая ссылка для em002_32_n9.nup
[2017-02-10, 12:00:16] [ver. 8] Создана жесткая ссылка для em002_32_n10.nup
[2017-02-10, 12:00:16] [ver. 8] Создана жесткая ссылка для em002_32_n11.nup
[2017-02-10, 12:00:16] [ver. 8] Создана жесткая ссылка для em002_32_n12.nup
[2017-02-10, 12:00:16] [ver. 8] Создана жесткая ссылка для em002_32_n13.nup
[2017-02-10, 12:00:16] [ver. 8] Создана жесткая ссылка для em002_32_n14.nup
[2017-02-10, 12:00:16] [ver. 8] Создана жесткая ссылка для em002_32_n15.nup
[2017-02-10, 12:00:16] [ver. 8] Создана жесткая ссылка для em002_32_n16.nup
[2017-02-10, 12:00:16] [ver. 8] Создана жесткая ссылка для em002_32_n17.nup
[2017-02-10, 12:00:16] [ver. 8] Создана жесткая ссылка для em002_32_n18.nup
[2017-02-10, 12:00:16] [ver. 8] Создана жесткая ссылка для em002_32_n19.nup
[2017-02-10, 12:00:16] [ver. 8] Создана жесткая ссылка для em002_32_n20.nup
[2017-02-10, 12:00:16] [ver. 8] Создана жесткая ссылка для em021_32_l1.nup
[2017-02-10, 12:00:16] [ver. 8] Создана жесткая ссылка для em021_32_n1.nup
[2017-02-10, 12:00:16] [ver. 8] Создана жесткая ссылка для em021_32_n2.nup
[2017-02-10, 12:00:16] [ver. 8] Создана жесткая ссылка для em021_32_n3.nup
[2017-02-10, 12:00:16] [ver. 8] Создана жесткая ссылка для em021_32_n4.nup
[2017-02-10, 12:00:16] [ver. 8] Создана жесткая ссылка для em021_32_n5.nup
[2017-02-10, 12:00:16] [ver. 8] Создана жесткая ссылка для em021_32_n6.nup
[2017-02-10, 12:00:16] [ver. 8] Создана жесткая ссылка для em021_32_n7.nup
[2017-02-10, 12:00:16] [ver. 8] Создана жесткая ссылка для em021_32_n8.nup
[2017-02-10, 12:00:16] [ver. 8] Создана жесткая ссылка для em021_32_n9.nup
[2017-02-10, 12:00:16] [ver. 8] Создана жесткая ссылка для em021_32_n10.nup
[2017-02-10, 12:00:16] [ver. 8] Создана жесткая ссылка для em021_32_n11.nup
[2017-02-10, 12:00:16] [ver. 8] Создана жесткая ссылка для em021_32_n12.nup
[2017-02-10, 12:00:16] [ver. 8] Создана жесткая ссылка для em021_32_n13.nup
[2017-02-10, 12:00:16] [ver. 8] Создана жесткая ссылка для em021_32_n14.nup
[2017-02-10, 12:00:16] [ver. 8] Создана жесткая ссылка для em021_32_n15.nup
[2017-02-10, 12:00:16] [ver. 8] Создана жесткая ссылка для em023_32_l1.nup
[2017-02-10, 12:00:16] [ver. 8] Создана жесткая ссылка для em023_32_n1.nup
[2017-02-10, 12:00:16] [ver. 8] Создана жесткая ссылка для em023_32_n2.nup
[2017-02-10, 12:00:16] [ver. 8] Создана жесткая ссылка для em023_32_n3.nup
[2017-02-10, 12:00:16] [ver. 8] Создана жесткая ссылка для em023_32_n4.nup
[2017-02-10, 12:00:16] [ver. 8] Создана жесткая ссылка для em023_32_n5.nup
[2017-02-10, 12:00:16] [ver. 8] Создана жесткая ссылка для em023_32_n6.nup
[2017-02-10, 12:00:16] [ver. 8] Создана жесткая ссылка для em023_32_n7.nup
[2017-02-10, 12:00:16] [ver. 8] Создана жесткая ссылка для em023_32_n8.nup
[2017-02-10, 12:00:16] [ver. 8] Создана жесткая ссылка для em023_32_n9.nup
[2017-02-10, 12:00:16] [ver. 8] Создана жесткая ссылка для em023_32_n10.nup
[2017-02-10, 12:00:16] [ver. 8] Создана жесткая ссылка для em023_32_n11.nup
[2017-02-10, 12:00:16] [ver. 8] Создана жесткая ссылка для em023_32_n12.nup
[2017-02-10, 12:00:16] [ver. 8] Создана жесткая ссылка для em023_32_n13.nup
[2017-02-10, 12:00:16] [ver. 8] Создана жесткая ссылка для em023_32_n14.nup
[2017-02-10, 12:00:16] [ver. 8] Создана жесткая ссылка для em023_32_n15.nup
[2017-02-10, 12:00:16] [ver. 8] Создана жесткая ссылка для em023_32_n16.nup
[2017-02-10, 12:00:16] [ver. 8] Создана жесткая ссылка для em023_32_n17.nup
[2017-02-10, 12:00:16] [ver. 8] Создана жесткая ссылка для em023_32_n18.nup
[2017-02-10, 12:00:16] [ver. 8] Создана жесткая ссылка для em023_32_n19.nup
[2017-02-10, 12:00:16] [ver. 8] Создана жесткая ссылка для em023_32_n20.nup
[2017-02-10, 12:00:16] [ver. 8] Удалено файлов: 60
[2017-02-10, 12:00:16] [ver. 8] Удалено каталогов: 5
[2017-02-10, 12:00:16] [ver. 8] Общий размер базы: 136.54 MBytes
[2017-02-10, 12:00:16] [ver. 8] Ваша база была успешно обновлена от версии 14913 (20170210) до версии 14914 (20170210)
[2017-02-10, 12:00:17] [ver. 9] Создана жесткая ссылка для em002_32_l2.nup
[2017-02-10, 12:00:17] [ver. 9] Создана жесткая ссылка для em002_32_n1.nup
[2017-02-10, 12:00:17] [ver. 9] Создана жесткая ссылка для em002_32_n2.nup
[2017-02-10, 12:00:17] [ver. 9] Создана жесткая ссылка для em002_32_n3.nup
[2017-02-10, 12:00:17] [ver. 9] Создана жесткая ссылка для em002_32_n4.nup
[2017-02-10, 12:00:17] [ver. 9] Создана жесткая ссылка для em002_32_n5.nup
[2017-02-10, 12:00:17] [ver. 9] Создана жесткая ссылка для em002_32_n6.nup
[2017-02-10, 12:00:17] [ver. 9] Создана жесткая ссылка для em002_32_n7.nup
[2017-02-10, 12:00:17] [ver. 9] Создана жесткая ссылка для em002_32_n8.nup
[2017-02-10, 12:00:17] [ver. 9] Создана жесткая ссылка для em002_32_n9.nup
[2017-02-10, 12:00:17] [ver. 9] Создана жесткая ссылка для em002_32_n10.nup
[2017-02-10, 12:00:17] [ver. 9] Создана жесткая ссылка для em002_32_n11.nup
[2017-02-10, 12:00:17] [ver. 9] Создана жесткая ссылка для em002_32_n12.nup
[2017-02-10, 12:00:17] [ver. 9] Создана жесткая ссылка для em002_32_n13.nup
[2017-02-10, 12:00:17] [ver. 9] Создана жесткая ссылка для em002_32_n14.nup
[2017-02-10, 12:00:17] [ver. 9] Создана жесткая ссылка для em002_32_n15.nup
[2017-02-10, 12:00:17] [ver. 9] Создана жесткая ссылка для em002_32_n16.nup
[2017-02-10, 12:00:17] [ver. 9] Создана жесткая ссылка для em002_32_n17.nup
[2017-02-10, 12:00:17] [ver. 9] Создана жесткая ссылка для em002_32_n18.nup
[2017-02-10, 12:00:17] [ver. 9] Создана жесткая ссылка для em002_32_n19.nup
[2017-02-10, 12:00:17] [ver. 9] Создана жесткая ссылка для em002_32_n20.nup
[2017-02-10, 12:00:17] [ver. 9] Создана жесткая ссылка для em021_32_l1.nup
[2017-02-10, 12:00:17] [ver. 9] Создана жесткая ссылка для em021_32_n1.nup
[2017-02-10, 12:00:17] [ver. 9] Создана жесткая ссылка для em021_32_n2.nup
[2017-02-10, 12:00:17] [ver. 9] Создана жесткая ссылка для em021_32_n3.nup
[2017-02-10, 12:00:17] [ver. 9] Создана жесткая ссылка для em021_32_n4.nup
[2017-02-10, 12:00:17] [ver. 9] Создана жесткая ссылка для em021_32_n5.nup
[2017-02-10, 12:00:17] [ver. 9] Создана жесткая ссылка для em021_32_n6.nup
[2017-02-10, 12:00:17] [ver. 9] Создана жесткая ссылка для em021_32_n7.nup
[2017-02-10, 12:00:17] [ver. 9] Создана жесткая ссылка для em021_32_n8.nup
[2017-02-10, 12:00:17] [ver. 9] Создана жесткая ссылка для em021_32_n9.nup
[2017-02-10, 12:00:17] [ver. 9] Создана жесткая ссылка для em021_32_n10.nup
[2017-02-10, 12:00:17] [ver. 9] Создана жесткая ссылка для em021_32_n11.nup
[2017-02-10, 12:00:17] [ver. 9] Создана жесткая ссылка для em021_32_n12.nup
[2017-02-10, 12:00:17] [ver. 9] Создана жесткая ссылка для em021_32_n13.nup
[2017-02-10, 12:00:17] [ver. 9] Создана жесткая ссылка для em021_32_n14.nup
[2017-02-10, 12:00:17] [ver. 9] Создана жесткая ссылка для em021_32_n15.nup
[2017-02-10, 12:00:17] [ver. 9] Создана жесткая ссылка для em023_32_l1.nup
[2017-02-10, 12:00:17] [ver. 9] Создана жесткая ссылка для em023_32_n1.nup
[2017-02-10, 12:00:17] [ver. 9] Создана жесткая ссылка для em023_32_n2.nup
[2017-02-10, 12:00:17] [ver. 9] Создана жесткая ссылка для em023_32_n3.nup
[2017-02-10, 12:00:17] [ver. 9] Создана жесткая ссылка для em023_32_n4.nup
[2017-02-10, 12:00:17] [ver. 9] Создана жесткая ссылка для em023_32_n5.nup
[2017-02-10, 12:00:17] [ver. 9] Создана жесткая ссылка для em023_32_n6.nup
[2017-02-10, 12:00:17] [ver. 9] Создана жесткая ссылка для em023_32_n7.nup
[2017-02-10, 12:00:17] [ver. 9] Создана жесткая ссылка для em023_32_n8.nup
[2017-02-10, 12:00:17] [ver. 9] Создана жесткая ссылка для em023_32_n9.nup
[2017-02-10, 12:00:17] [ver. 9] Создана жесткая ссылка для em023_32_n10.nup
[2017-02-10, 12:00:17] [ver. 9] Создана жесткая ссылка для em023_32_n11.nup
[2017-02-10, 12:00:17] [ver. 9] Создана жесткая ссылка для em023_32_n12.nup
[2017-02-10, 12:00:17] [ver. 9] Создана жесткая ссылка для em023_32_n13.nup
[2017-02-10, 12:00:17] [ver. 9] Создана жесткая ссылка для em023_32_n14.nup
[2017-02-10, 12:00:17] [ver. 9] Создана жесткая ссылка для em023_32_n15.nup
[2017-02-10, 12:00:17] [ver. 9] Создана жесткая ссылка для em023_32_n16.nup
[2017-02-10, 12:00:17] [ver. 9] Создана жесткая ссылка для em023_32_n17.nup
[2017-02-10, 12:00:17] [ver. 9] Создана жесткая ссылка для em023_32_n18.nup
[2017-02-10, 12:00:17] [ver. 9] Создана жесткая ссылка для em023_32_n19.nup
[2017-02-10, 12:00:17] [ver. 9] Создана жесткая ссылка для em023_32_n20.nup
[2017-02-10, 12:00:17] [ver. 9] Загрузка 58 файлов
[2017-02-10, 12:00:17] [ver. 9] С um23.eset.com загружено em002_64_n3.nup [26.86 KBytes] [351.51 KBytes/s]
[2017-02-10, 12:00:17] [ver. 9] С um23.eset.com загружено em002_64_n6.nup [68.94 KBytes] [380.29 KBytes/s]
[2017-02-10, 12:00:17] [ver. 9] С um23.eset.com загружено em023_64_n17.nup [214.15 KBytes] [1.04 MBytes/s]
[2017-02-10, 12:00:17] [ver. 9] С um23.eset.com загружено em023_64_n15.nup [200.98 KBytes] [991.42 KBytes/s]
[2017-02-10, 12:00:17] [ver. 9] С um23.eset.com загружено em023_64_n18.nup [216.49 KBytes] [1.04 MBytes/s]
[2017-02-10, 12:00:17] [ver. 9] С um23.eset.com загружено em023_64_n12.nup [188.85 KBytes] [1.43 MBytes/s]
[2017-02-10, 12:00:17] [ver. 9] С um23.eset.com загружено em002_64_n10.nup [116.65 KBytes] [537.62 KBytes/s]
[2017-02-10, 12:00:17] [ver. 9] С um23.eset.com загружено em021_64_n1.nup [48.66 KBytes] [1.77 MBytes/s]
[2017-02-10, 12:00:17] [ver. 9] С um23.eset.com загружено em002_64_n20.nup [203.48 KBytes] [795.4 KBytes/s]
[2017-02-10, 12:00:17] [ver. 9] С um23.eset.com загружено em002_64_n1.nup [16.77 KBytes] [632.83 KBytes/s]
[2017-02-10, 12:00:17] [ver. 9] С um23.eset.com загружено em021_64_n5.nup [233.87 KBytes] [2.21 MBytes/s]
[2017-02-10, 12:00:17] [ver. 9] С um23.eset.com загружено em002_64_n18.nup [191.16 KBytes] [1.8 MBytes/s]
[2017-02-10, 12:00:17] [ver. 9] С um23.eset.com загружено em021_64_n7.nup [253.66 KBytes] [785.2 KBytes/s]
[2017-02-10, 12:00:17] [ver. 9] С um23.eset.com загружено em002_64_n12.nup [147.3 KBytes] [1.31 MBytes/s]
[2017-02-10, 12:00:17] [ver. 9] С um23.eset.com загружено em023_64_n11.nup [180.98 KBytes] [1.62 MBytes/s]
[2017-02-10, 12:00:17] [ver. 9] С um23.eset.com загружено em021_64_n2.nup [71.67 KBytes] [1.36 MBytes/s]
[2017-02-10, 12:00:17] [ver. 9] С um23.eset.com загружено em023_64_n20.nup [235.1 KBytes] [1.79 MBytes/s]
[2017-02-10, 12:00:17] [ver. 9] С um23.eset.com загружено em002_64_n15.nup [162.34 KBytes] [2.04 MBytes/s]
[2017-02-10, 12:00:18] [ver. 9] С um23.eset.com загружено em021_64_n15.nup [372.29 KBytes] [861.46 KBytes/s]
[2017-02-10, 12:00:18] [ver. 9] С um23.eset.com загружено em021_64_n12.nup [320.32 KBytes] [1.23 MBytes/s]
[2017-02-10, 12:00:18] [ver. 9] С um23.eset.com загружено em023_64_n6.nup [111.05 KBytes] [2.08 MBytes/s]
[2017-02-10, 12:00:18] [ver. 9] С um23.eset.com загружено em023_64_n13.nup [189.38 KBytes] [1.79 MBytes/s]
[2017-02-10, 12:00:18] [ver. 9] С um23.eset.com загружено em021_64_n10.nup [275.49 KBytes] [1.48 MBytes/s]
[2017-02-10, 12:00:18] [ver. 9] С um23.eset.com загружено em023_64_n19.nup [221.12 KBytes] [1.19 MBytes/s]
[2017-02-10, 12:00:18] [ver. 9] С um23.eset.com загружено em002_64_n17.nup [181.15 KBytes] [1.22 MBytes/s]
[2017-02-10, 12:00:18] [ver. 9] С um23.eset.com загружено em002_64_n8.nup [102.15 KBytes] [1.35 MBytes/s]
[2017-02-10, 12:00:18] [ver. 9] С um23.eset.com загружено em021_64_n4.nup [123.31 KBytes] [1.56 MBytes/s]
[2017-02-10, 12:00:18] [ver. 9] С um23.eset.com загружено em023_64_n9.nup [167.82 KBytes] [1.55 MBytes/s]
[2017-02-10, 12:00:18] [ver. 9] С um23.eset.com загружено em021_64_n13.nup [331.6 KBytes] [1.77 MBytes/s]
[2017-02-10, 12:00:18] [ver. 9] С um23.eset.com загружено em023_64_n4.nup [99.34 KBytes] [1.32 MBytes/s]
[2017-02-10, 12:00:18] [ver. 9] С um23.eset.com загружено em023_64_n8.nup [158.68 KBytes] [1.95 MBytes/s]
[2017-02-10, 12:00:18] [ver. 9] С um23.eset.com загружено em021_64_n8.nup [263.63 KBytes] [1.34 MBytes/s]
[2017-02-10, 12:00:18] [ver. 9] С um23.eset.com загружено em002_64_n13.nup [154.69 KBytes] [1.29 MBytes/s]
[2017-02-10, 12:00:18] [ver. 9] С um23.eset.com загружено em023_64_l2.nup [79.96 KBytes] [1.51 MBytes/s]
[2017-02-10, 12:00:18] [ver. 9] С um23.eset.com загружено em002_64_n9.nup [105.84 KBytes] [1.93 MBytes/s]
[2017-02-10, 12:00:18] [ver. 9] С um23.eset.com загружено em002_64_n16.nup [170.54 KBytes] [1.16 MBytes/s]
[2017-02-10, 12:00:18] [ver. 9] С um23.eset.com загружено em002_64_n4.nup [40.7 KBytes] [1.08 MBytes/s]
[2017-02-10, 12:00:18] [ver. 9] С um23.eset.com загружено em023_64_n16.nup [208.74 KBytes] [1.4 MBytes/s]
[2017-02-10, 12:00:18] [ver. 9] С um23.eset.com загружено em023_64_n3.nup [87.81 KBytes] [1.15 MBytes/s]
[2017-02-10, 12:00:18] [ver. 9] С um23.eset.com загружено em023_64_n5.nup [105.2 KBytes] [2 MBytes/s]
[2017-02-10, 12:00:18] [ver. 9] С um23.eset.com загружено em002_64_n7.nup [97.86 KBytes] [1.83 MBytes/s]
[2017-02-10, 12:00:18] [ver. 9] С um23.eset.com загружено em021_64_n9.nup [270.51 KBytes] [2.02 MBytes/s]
[2017-02-10, 12:00:18] [ver. 9] С um23.eset.com загружено em002_64_n14.nup [158.18 KBytes] [1.39 MBytes/s]
[2017-02-10, 12:00:18] [ver. 9] С um23.eset.com загружено em021_64_n3.nup [110.71 KBytes] [1.46 MBytes/s]
[2017-02-10, 12:00:18] [ver. 9] С um23.eset.com загружено em023_64_n7.nup [143.72 KBytes] [1.83 MBytes/s]
[2017-02-10, 12:00:18] [ver. 9] С um23.eset.com загружено em002_64_n5.nup [57.33 KBytes] [2.06 MBytes/s]
[2017-02-10, 12:00:18] [ver. 9] С um23.eset.com загружено em023_64_n1.nup [37.25 KBytes] [997.64 KBytes/s]
[2017-02-10, 12:00:18] [ver. 9] С um23.eset.com загружено em002_64_n11.nup [139.56 KBytes] [1.23 MBytes/s]
[2017-02-10, 12:00:18] [ver. 9] С um23.eset.com загружено em023_64_n10.nup [171.22 KBytes] [1.64 MBytes/s]
[2017-02-10, 12:00:18] [ver. 9] С um23.eset.com загружено em002_64_n2.nup [23.84 KBytes] [885.02 KBytes/s]
[2017-02-10, 12:00:18] [ver. 9] С um23.eset.com загружено em002_64_n19.nup [198.19 KBytes] [1.34 MBytes/s]
[2017-02-10, 12:00:18] [ver. 9] С um23.eset.com загружено em023_64_n2.nup [79.97 KBytes] [1.08 MBytes/s]
[2017-02-10, 12:00:18] [ver. 9] С um23.eset.com загружено em023_64_n14.nup [194.99 KBytes] [1.29 MBytes/s]
[2017-02-10, 12:00:18] [ver. 9] С um23.eset.com загружено em021_64_n6.nup [245.16 KBytes] [1.88 MBytes/s]
[2017-02-10, 12:00:18] [ver. 9] С um23.eset.com загружено em021_64_n14.nup [339.26 KBytes] [1.3 MBytes/s]
[2017-02-10, 12:00:19] [ver. 9] С um23.eset.com загружено em002_64_l2.nup [2.61 MBytes] [1.88 MBytes/s]
[2017-02-10, 12:00:20] [ver. 9] С um23.eset.com загружено em021_64_l0.nup [4.51 MBytes] [1.79 MBytes/s]
[2017-02-10, 12:00:20] [ver. 9] Удалено файлов: 119
[2017-02-10, 12:00:20] [ver. 9] Удалено каталогов: 6
[2017-02-10, 12:00:20] [ver. 9] Общий размер базы: 258.81 MBytes
[2017-02-10, 12:00:20] [ver. 9] Всего загружено: 15.83 MBytes
[2017-02-10, 12:00:20] [ver. 9] Средняя скорость: 6.19 MBytes/s
[2017-02-10, 12:00:20] [ver. 9] Ваша база была успешно обновлена от версии 14913 (20170210) до версии 14914 (20170210)
[2017-02-10, 12:00:20] Общий размер всех баз: 1.38 GBytes
[2017-02-10, 12:00:20] Всего загружено для всех баз: 28.25 MBytes
[2017-02-10, 12:00:20] Средняя скорость для всех баз: 1.9 MBytes/s
[2017-02-10, 12:00:20] Generating html...
[2017-02-10, 12:00:20] Общее время выполнения: 00:20
[2017-02-10, 12:00:20] Скрипт остановлен.
[2017-02-10, 13:00:00] Запущен скрипт 1.0.191014 [Freedom for Ukraine]
[2017-02-10, 13:00:00] Будет использован ключ [EAV-0189467859:7b96dpbc6u] Срок действия 22.03.17
[2017-02-10, 13:00:06] [ver. 3] Ваша база актуальна 14914 (20170210)
[2017-02-10, 13:00:06] [ver. 4] Ваша база актуальна 14914 (20170210)
[2017-02-10, 13:00:07] [ver. 5] Ваша база актуальна 14914 (20170210)
[2017-02-10, 13:00:07] [ver. 6] Ваша база актуальна 14914 (20170210)
[2017-02-10, 13:00:07] [ver. 7] Ваша база актуальна 14914 (20170210)
[2017-02-10, 13:00:07] [ver. 8] Ваша база актуальна 14914 (20170210)
[2017-02-10, 13:00:07] [ver. 9] Ваша база актуальна 14914 (20170210)
[2017-02-10, 13:00:07] Generating html...
[2017-02-10, 13:00:07] Общее время выполнения: 00:07
[2017-02-10, 13:00:07] Скрипт остановлен.
[2017-02-10, 14:00:00] Запущен скрипт 1.0.191014 [Freedom for Ukraine]
[2017-02-10, 14:00:00] Будет использован ключ [EAV-0189467859:7b96dpbc6u] Срок действия 22.03.17
[2017-02-10, 14:00:06] [ver. 3] Ваша база актуальна 14914 (20170210)
[2017-02-10, 14:00:06] [ver. 4] Ваша база актуальна 14914 (20170210)
[2017-02-10, 14:00:06] [ver. 5] Ваша база актуальна 14914 (20170210)
[2017-02-10, 14:00:06] [ver. 6] Ваша база актуальна 14914 (20170210)
[2017-02-10, 14:00:07] [ver. 7] Ваша база актуальна 14914 (20170210)
[2017-02-10, 14:00:07] [ver. 8] Ваша база актуальна 14914 (20170210)
[2017-02-10, 14:00:07] [ver. 9] Ваша база актуальна 14914 (20170210)
[2017-02-10, 14:00:07] Generating html...
[2017-02-10, 14:00:07] Общее время выполнения: 00:07
[2017-02-10, 14:00:07] Скрипт остановлен.
[2017-02-10, 15:00:00] Запущен скрипт 1.0.191014 [Freedom for Ukraine]
[2017-02-10, 15:00:00] Будет использован ключ [EAV-0189467859:7b96dpbc6u] Срок действия 22.03.17
[2017-02-10, 15:00:06] [ver. 3] Последняя версия базы 14915 (20170210) найдена на сервере um06.eset.com
[2017-02-10, 15:00:06] [ver. 4] Последняя версия базы 14915 (20170210) найдена на сервере um06.eset.com
[2017-02-10, 15:00:06] [ver. 5] Последняя версия базы 14915 (20170210) найдена на сервере um06.eset.com
[2017-02-10, 15:00:06] [ver. 6] Последняя версия базы 14915 (20170210) найдена на сервере um06.eset.com
[2017-02-10, 15:00:07] [ver. 7] Последняя версия базы 14915 (20170210) найдена на сервере um06.eset.com
[2017-02-10, 15:00:07] [ver. 8] Последняя версия базы 14915 (20170210) найдена на сервере um06.eset.com
[2017-02-10, 15:00:07] [ver. 9] Последняя версия базы 14915 (20170210) найдена на сервере um06.eset.com
[2017-02-10, 15:00:08] [ver. 3] Загрузка 59 файлов
[2017-02-10, 15:00:08] [ver. 3] С um06.eset.com загружено em002_32_n5.nup [58.85 KBytes] [461.25 KBytes/s]
[2017-02-10, 15:00:08] [ver. 3] С um06.eset.com загружено em023_32_n3.nup [87.88 KBytes] [678.96 KBytes/s]
[2017-02-10, 15:00:08] [ver. 3] С um06.eset.com загружено em023_32_n8.nup [151.13 KBytes] [845.37 KBytes/s]
[2017-02-10, 15:00:08] [ver. 3] С um06.eset.com загружено em002_32_n3.nup [43.15 KBytes] [834 KBytes/s]
[2017-02-10, 15:00:08] [ver. 3] С um06.eset.com загружено em023_32_n2.nup [45.31 KBytes] [868.49 KBytes/s]
[2017-02-10, 15:00:08] [ver. 3] С um06.eset.com загружено em021_32_n9.nup [226.46 KBytes] [1.1 MBytes/s]
[2017-02-10, 15:00:08] [ver. 3] С um06.eset.com загружено em023_32_n15.nup [202.31 KBytes] [997.14 KBytes/s]
[2017-02-10, 15:00:08] [ver. 3] С um06.eset.com загружено em023_32_n19.nup [223.72 KBytes] [1.06 MBytes/s]
[2017-02-10, 15:00:08] [ver. 3] С um06.eset.com загружено em021_32_n1.nup [44.45 KBytes] [1.61 MBytes/s]
[2017-02-10, 15:00:08] [ver. 3] С um06.eset.com загружено em021_32_n14.nup [293.68 KBytes] [1.25 MBytes/s]
[2017-02-10, 15:00:08] [ver. 3] С um06.eset.com загружено em021_32_l2.nup [44.45 KBytes] [1.66 MBytes/s]
[2017-02-10, 15:00:08] [ver. 3] С um06.eset.com загружено em002_32_n4.nup [45.93 KBytes] [1.61 MBytes/s]
[2017-02-10, 15:00:08] [ver. 3] С um06.eset.com загружено em023_32_n10.nup [175.19 KBytes] [695.01 KBytes/s]
[2017-02-10, 15:00:08] [ver. 3] С um06.eset.com загружено em002_32_n15.nup [155.59 KBytes] [614.26 KBytes/s]
[2017-02-10, 15:00:08] [ver. 3] С um06.eset.com загружено em002_32_n2.nup [37.03 KBytes] [702.23 KBytes/s]
[2017-02-10, 15:00:08] [ver. 3] С um06.eset.com загружено em002_32_n10.nup [104.9 KBytes] [1.92 MBytes/s]
[2017-02-10, 15:00:08] [ver. 3] С um06.eset.com загружено em002_32_n9.nup [101.13 KBytes] [1.86 MBytes/s]
[2017-02-10, 15:00:08] [ver. 3] С um06.eset.com загружено em021_32_l1.nup [351.73 KBytes] [1.22 MBytes/s]
[2017-02-10, 15:00:08] [ver. 3] С um06.eset.com загружено em023_32_n1.nup [12.02 KBytes] [466.88 KBytes/s]
[2017-02-10, 15:00:08] [ver. 3] С um06.eset.com загружено em002_32_n11.nup [115.17 KBytes] [2.15 MBytes/s]
[2017-02-10, 15:00:08] [ver. 3] С um06.eset.com загружено em002_32_n14.nup [152.46 KBytes] [1.45 MBytes/s]
[2017-02-10, 15:00:08] [ver. 3] С um06.eset.com загружено em023_32_n7.nup [118.45 KBytes] [1.51 MBytes/s]
[2017-02-10, 15:00:08] [ver. 3] С um06.eset.com загружено em021_32_n5.nup [151.59 KBytes] [1.89 MBytes/s]
[2017-02-10, 15:00:08] [ver. 3] С um06.eset.com загружено em023_32_n16.nup [208.24 KBytes] [1.97 MBytes/s]
[2017-02-10, 15:00:08] [ver. 3] С um06.eset.com загружено em002_32_n13.nup [145.73 KBytes] [1.39 MBytes/s]
[2017-02-10, 15:00:08] [ver. 3] С um06.eset.com загружено em002_32_n7.nup [86.1 KBytes] [1.63 MBytes/s]
[2017-02-10, 15:00:08] [ver. 3] С um06.eset.com загружено em023_32_n11.nup [178.58 KBytes] [1.59 MBytes/s]
[2017-02-10, 15:00:08] [ver. 3] С um06.eset.com загружено em021_32_n6.nup [200.99 KBytes] [1.89 MBytes/s]
[2017-02-10, 15:00:08] [ver. 3] С um06.eset.com загружено em002_32_n16.nup [159.78 KBytes] [1.54 MBytes/s]
[2017-02-10, 15:00:08] [ver. 3] С um06.eset.com загружено em023_32_n9.nup [166.06 KBytes] [1.12 MBytes/s]
[2017-02-10, 15:00:08] [ver. 3] С um06.eset.com загружено em023_32_n12.nup [188.4 KBytes] [1.77 MBytes/s]
[2017-02-10, 15:00:08] [ver. 3] С um06.eset.com загружено em021_32_n7.nup [207.95 KBytes] [1.96 MBytes/s]
[2017-02-10, 15:00:08] [ver. 3] С um06.eset.com загружено em023_32_n5.nup [106.84 KBytes] [1.97 MBytes/s]
[2017-02-10, 15:00:08] [ver. 3] С um06.eset.com загружено em021_32_n11.nup [237.93 KBytes] [2.19 MBytes/s]
[2017-02-10, 15:00:08] [ver. 3] С um06.eset.com загружено em021_32_n13.nup [282.45 KBytes] [2.09 MBytes/s]
[2017-02-10, 15:00:08] [ver. 3] С um06.eset.com загружено em002_32_n12.nup [138.11 KBytes] [1.67 MBytes/s]
[2017-02-10, 15:00:08] [ver. 3] С um06.eset.com загружено em023_32_n18.nup [221.38 KBytes] [1.65 MBytes/s]
[2017-02-10, 15:00:08] [ver. 3] С um06.eset.com загружено em002_32_n18.nup [179.29 KBytes] [1.7 MBytes/s]
[2017-02-10, 15:00:08] [ver. 3] С um06.eset.com загружено em021_32_n4.nup [139.43 KBytes] [1.24 MBytes/s]
[2017-02-10, 15:00:08] [ver. 3] С um06.eset.com загружено em023_32_n13.nup [196.24 KBytes] [1.28 MBytes/s]
[2017-02-10, 15:00:08] [ver. 3] С um06.eset.com загружено em002_32_n17.nup [169.2 KBytes] [2.05 MBytes/s]
[2017-02-10, 15:00:08] [ver. 3] С um06.eset.com загружено em021_32_n10.nup [233.08 KBytes] [1.71 MBytes/s]
[2017-02-10, 15:00:08] [ver. 3] С um06.eset.com загружено em021_32_n2.nup [87.29 KBytes] [1.6 MBytes/s]
[2017-02-10, 15:00:08] [ver. 3] С um06.eset.com загружено em021_32_n3.nup [108.09 KBytes] [2 MBytes/s]
[2017-02-10, 15:00:08] [ver. 3] С um06.eset.com загружено em023_32_l2.nup [12.01 KBytes] [446.35 KBytes/s]
[2017-02-10, 15:00:08] [ver. 3] С um06.eset.com загружено em002_32_n6.nup [74.92 KBytes] [1 MBytes/s]
[2017-02-10, 15:00:08] [ver. 3] С um06.eset.com загружено em002_32_n20.nup [199.61 KBytes] [1.87 MBytes/s]
[2017-02-10, 15:00:08] [ver. 3] С um06.eset.com загружено em023_32_n6.nup [112.63 KBytes] [2.08 MBytes/s]
[2017-02-10, 15:00:08] [ver. 3] С um06.eset.com загружено em002_32_n19.nup [189.66 KBytes] [1.81 MBytes/s]
[2017-02-10, 15:00:08] [ver. 3] С um06.eset.com загружено em021_32_n15.nup [301.42 KBytes] [1.89 MBytes/s]
[2017-02-10, 15:00:08] [ver. 3] С um06.eset.com загружено em023_32_n4.nup [95.54 KBytes] [1.77 MBytes/s]
[2017-02-10, 15:00:08] [ver. 3] С um06.eset.com загружено em023_32_n14.nup [196.76 KBytes] [1.82 MBytes/s]
[2017-02-10, 15:00:08] [ver. 3] С um06.eset.com загружено em002_32_n8.nup [97.08 KBytes] [1.29 MBytes/s]
[2017-02-10, 15:00:08] [ver. 3] С um06.eset.com загружено em023_32_n20.nup [228.33 KBytes] [1.5 MBytes/s]
[2017-02-10, 15:00:08] [ver. 3] С um06.eset.com загружено em023_32_n17.nup [215.98 KBytes] [2.02 MBytes/s]
[2017-02-10, 15:00:08] [ver. 3] С um06.eset.com загружено em021_32_n8.nup [216.39 KBytes] [1.97 MBytes/s]
[2017-02-10, 15:00:08] [ver. 3] С um06.eset.com загружено em021_32_n12.nup [268.53 KBytes] [1.73 MBytes/s]
[2017-02-10, 15:00:09] [ver. 3] С um06.eset.com загружено em002_32_l2.nup [2.16 MBytes] [1.9 MBytes/s]
[2017-02-10, 15:00:09] [ver. 3] Удалено файлов: 55
[2017-02-10, 15:00:09] [ver. 3] Удалено каталогов: 1
[2017-02-10, 15:00:09] [ver. 3] Общий размер базы: 234.71 MBytes
[2017-02-10, 15:00:09] [ver. 3] Всего загружено: 10.74 MBytes
[2017-02-10, 15:00:09] [ver. 3] Средняя скорость: 6.99 MBytes/s
[2017-02-10, 15:00:09] [ver. 3] Ваша база была успешно обновлена от версии 14914 (20170210) до версии 14915 (20170210)
[2017-02-10, 15:00:10] [ver. 4] Создана жесткая ссылка для em002_32_l2.nup
[2017-02-10, 15:00:10] [ver. 4] Создана жесткая ссылка для em002_32_n2.nup
[2017-02-10, 15:00:10] [ver. 4] Создана жесткая ссылка для em002_32_n3.nup
[2017-02-10, 15:00:10] [ver. 4] Создана жесткая ссылка для em002_32_n4.nup
[2017-02-10, 15:00:10] [ver. 4] Создана жесткая ссылка для em002_32_n5.nup
[2017-02-10, 15:00:10] [ver. 4] Создана жесткая ссылка для em002_32_n6.nup
[2017-02-10, 15:00:10] [ver. 4] Создана жесткая ссылка для em002_32_n7.nup
[2017-02-10, 15:00:10] [ver. 4] Создана жесткая ссылка для em002_32_n8.nup
[2017-02-10, 15:00:10] [ver. 4] Создана жесткая ссылка для em002_32_n9.nup
[2017-02-10, 15:00:10] [ver. 4] Создана жесткая ссылка для em002_32_n10.nup
[2017-02-10, 15:00:10] [ver. 4] Создана жесткая ссылка для em002_32_n11.nup
[2017-02-10, 15:00:10] [ver. 4] Создана жесткая ссылка для em002_32_n12.nup
[2017-02-10, 15:00:10] [ver. 4] Создана жесткая ссылка для em002_32_n13.nup
[2017-02-10, 15:00:10] [ver. 4] Создана жесткая ссылка для em002_32_n14.nup
[2017-02-10, 15:00:10] [ver. 4] Создана жесткая ссылка для em002_32_n15.nup
[2017-02-10, 15:00:10] [ver. 4] Создана жесткая ссылка для em002_32_n16.nup
[2017-02-10, 15:00:10] [ver. 4] Создана жесткая ссылка для em002_32_n17.nup
[2017-02-10, 15:00:10] [ver. 4] Создана жесткая ссылка для em002_32_n18.nup
[2017-02-10, 15:00:10] [ver. 4] Создана жесткая ссылка для em002_32_n19.nup
[2017-02-10, 15:00:10] [ver. 4] Создана жесткая ссылка для em002_32_n20.nup
[2017-02-10, 15:00:10] [ver. 4] Создана жесткая ссылка для em021_32_l1.nup
[2017-02-10, 15:00:10] [ver. 4] Создана жесткая ссылка для em021_32_l2.nup
[2017-02-10, 15:00:10] [ver. 4] Создана жесткая ссылка для em021_32_n1.nup
[2017-02-10, 15:00:10] [ver. 4] Создана жесткая ссылка для em021_32_n2.nup
[2017-02-10, 15:00:10] [ver. 4] Создана жесткая ссылка для em021_32_n3.nup
[2017-02-10, 15:00:10] [ver. 4] Создана жесткая ссылка для em021_32_n4.nup
[2017-02-10, 15:00:10] [ver. 4] Создана жесткая ссылка для em021_32_n5.nup
[2017-02-10, 15:00:10] [ver. 4] Создана жесткая ссылка для em021_32_n6.nup
[2017-02-10, 15:00:10] [ver. 4] Создана жесткая ссылка для em021_32_n7.nup
[2017-02-10, 15:00:10] [ver. 4] Создана жесткая ссылка для em021_32_n8.nup
[2017-02-10, 15:00:10] [ver. 4] Создана жесткая ссылка для em021_32_n9.nup
[2017-02-10, 15:00:10] [ver. 4] Создана жесткая ссылка для em021_32_n10.nup
[2017-02-10, 15:00:10] [ver. 4] Создана жесткая ссылка для em021_32_n11.nup
[2017-02-10, 15:00:10] [ver. 4] Создана жесткая ссылка для em021_32_n12.nup
[2017-02-10, 15:00:10] [ver. 4] Создана жесткая ссылка для em021_32_n13.nup
[2017-02-10, 15:00:10] [ver. 4] Создана жесткая ссылка для em021_32_n14.nup
[2017-02-10, 15:00:10] [ver. 4] Создана жесткая ссылка для em021_32_n15.nup
[2017-02-10, 15:00:10] [ver. 4] Создана жесткая ссылка для em023_32_l2.nup
[2017-02-10, 15:00:10] [ver. 4] Создана жесткая ссылка для em023_32_n1.nup
[2017-02-10, 15:00:10] [ver. 4] Создана жесткая ссылка для em023_32_n2.nup
[2017-02-10, 15:00:10] [ver. 4] Создана жесткая ссылка для em023_32_n3.nup
[2017-02-10, 15:00:10] [ver. 4] Создана жесткая ссылка для em023_32_n4.nup
[2017-02-10, 15:00:10] [ver. 4] Создана жесткая ссылка для em023_32_n5.nup
[2017-02-10, 15:00:10] [ver. 4] Создана жесткая ссылка для em023_32_n6.nup
[2017-02-10, 15:00:10] [ver. 4] Создана жесткая ссылка для em023_32_n7.nup
[2017-02-10, 15:00:10] [ver. 4] Создана жесткая ссылка для em023_32_n8.nup
[2017-02-10, 15:00:10] [ver. 4] Создана жесткая ссылка для em023_32_n9.nup
[2017-02-10, 15:00:10] [ver. 4] Создана жесткая ссылка для em023_32_n10.nup
[2017-02-10, 15:00:10] [ver. 4] Создана жесткая ссылка для em023_32_n11.nup
[2017-02-10, 15:00:10] [ver. 4] Создана жесткая ссылка для em023_32_n12.nup
[2017-02-10, 15:00:10] [ver. 4] Создана жесткая ссылка для em023_32_n13.nup
[2017-02-10, 15:00:10] [ver. 4] Создана жесткая ссылка для em023_32_n14.nup
[2017-02-10, 15:00:10] [ver. 4] Создана жесткая ссылка для em023_32_n15.nup
[2017-02-10, 15:00:10] [ver. 4] Создана жесткая ссылка для em023_32_n16.nup
[2017-02-10, 15:00:10] [ver. 4] Создана жесткая ссылка для em023_32_n17.nup
[2017-02-10, 15:00:10] [ver. 4] Создана жесткая ссылка для em023_32_n18.nup
[2017-02-10, 15:00:10] [ver. 4] Создана жесткая ссылка для em023_32_n19.nup
[2017-02-10, 15:00:10] [ver. 4] Создана жесткая ссылка для em023_32_n20.nup
[2017-02-10, 15:00:10] [ver. 4] Загрузка 1 файлов
[2017-02-10, 15:00:10] [ver. 4] С um06.eset.com загружено em002_32_n1.nup [27.14 KBytes] [250.88 KBytes/s]
[2017-02-10, 15:00:10] [ver. 4] Удалено файлов: 56
[2017-02-10, 15:00:10] [ver. 4] Удалено каталогов: 1
[2017-02-10, 15:00:10] [ver. 4] Общий размер базы: 135.71 MBytes
[2017-02-10, 15:00:10] [ver. 4] Всего загружено: 27.14 KBytes
[2017-02-10, 15:00:10] [ver. 4] Средняя скорость: 199.25 KBytes/s
[2017-02-10, 15:00:10] [ver. 4] Ваша база была успешно обновлена от версии 14914 (20170210) до версии 14915 (20170210)
[2017-02-10, 15:00:11] [ver. 5] Создана жесткая ссылка для em002_32_l2.nup
[2017-02-10, 15:00:11] [ver. 5] Создана жесткая ссылка для em002_32_n2.nup
[2017-02-10, 15:00:11] [ver. 5] Создана жесткая ссылка для em002_32_n3.nup
[2017-02-10, 15:00:11] [ver. 5] Создана жесткая ссылка для em002_32_n4.nup
[2017-02-10, 15:00:11] [ver. 5] Создана жесткая ссылка для em002_32_n5.nup
[2017-02-10, 15:00:11] [ver. 5] Создана жесткая ссылка для em002_32_n6.nup
[2017-02-10, 15:00:11] [ver. 5] Создана жесткая ссылка для em002_32_n7.nup
[2017-02-10, 15:00:11] [ver. 5] Создана жесткая ссылка для em002_32_n8.nup
[2017-02-10, 15:00:11] [ver. 5] Создана жесткая ссылка для em002_32_n9.nup
[2017-02-10, 15:00:11] [ver. 5] Создана жесткая ссылка для em002_32_n10.nup
[2017-02-10, 15:00:11] [ver. 5] Создана жесткая ссылка для em002_32_n11.nup
[2017-02-10, 15:00:11] [ver. 5] Создана жесткая ссылка для em002_32_n12.nup
[2017-02-10, 15:00:11] [ver. 5] Создана жесткая ссылка для em002_32_n13.nup
[2017-02-10, 15:00:11] [ver. 5] Создана жесткая ссылка для em002_32_n14.nup
[2017-02-10, 15:00:11] [ver. 5] Создана жесткая ссылка для em002_32_n15.nup
[2017-02-10, 15:00:11] [ver. 5] Создана жесткая ссылка для em002_32_n16.nup
[2017-02-10, 15:00:11] [ver. 5] Создана жесткая ссылка для em002_32_n17.nup
[2017-02-10, 15:00:11] [ver. 5] Создана жесткая ссылка для em002_32_n18.nup
[2017-02-10, 15:00:11] [ver. 5] Создана жесткая ссылка для em002_32_n19.nup
[2017-02-10, 15:00:11] [ver. 5] Создана жесткая ссылка для em002_32_n20.nup
[2017-02-10, 15:00:11] [ver. 5] Создана жесткая ссылка для em021_32_l1.nup
[2017-02-10, 15:00:11] [ver. 5] Создана жесткая ссылка для em021_32_l2.nup
[2017-02-10, 15:00:11] [ver. 5] Создана жесткая ссылка для em021_32_n1.nup
[2017-02-10, 15:00:11] [ver. 5] Создана жесткая ссылка для em021_32_n2.nup
[2017-02-10, 15:00:11] [ver. 5] Создана жесткая ссылка для em021_32_n3.nup
[2017-02-10, 15:00:11] [ver. 5] Создана жесткая ссылка для em021_32_n4.nup
[2017-02-10, 15:00:11] [ver. 5] Создана жесткая ссылка для em021_32_n5.nup
[2017-02-10, 15:00:11] [ver. 5] Создана жесткая ссылка для em021_32_n6.nup
[2017-02-10, 15:00:11] [ver. 5] Создана жесткая ссылка для em021_32_n7.nup
[2017-02-10, 15:00:11] [ver. 5] Создана жесткая ссылка для em021_32_n8.nup
[2017-02-10, 15:00:11] [ver. 5] Создана жесткая ссылка для em021_32_n9.nup
[2017-02-10, 15:00:11] [ver. 5] Создана жесткая ссылка для em021_32_n10.nup
[2017-02-10, 15:00:11] [ver. 5] Создана жесткая ссылка для em021_32_n11.nup
[2017-02-10, 15:00:11] [ver. 5] Создана жесткая ссылка для em021_32_n12.nup
[2017-02-10, 15:00:11] [ver. 5] Создана жесткая ссылка для em021_32_n13.nup
[2017-02-10, 15:00:11] [ver. 5] Создана жесткая ссылка для em021_32_n14.nup
[2017-02-10, 15:00:11] [ver. 5] Создана жесткая ссылка для em021_32_n15.nup
[2017-02-10, 15:00:11] [ver. 5] Создана жесткая ссылка для em023_32_l2.nup
[2017-02-10, 15:00:11] [ver. 5] Создана жесткая ссылка для em023_32_n1.nup
[2017-02-10, 15:00:11] [ver. 5] Создана жесткая ссылка для em023_32_n2.nup
[2017-02-10, 15:00:11] [ver. 5] Создана жесткая ссылка для em023_32_n3.nup
[2017-02-10, 15:00:11] [ver. 5] Создана жесткая ссылка для em023_32_n4.nup
[2017-02-10, 15:00:11] [ver. 5] Создана жесткая ссылка для em023_32_n5.nup
[2017-02-10, 15:00:11] [ver. 5] Создана жесткая ссылка для em023_32_n6.nup
[2017-02-10, 15:00:11] [ver. 5] Создана жесткая ссылка для em023_32_n7.nup
[2017-02-10, 15:00:11] [ver. 5] Создана жесткая ссылка для em023_32_n8.nup
[2017-02-10, 15:00:11] [ver. 5] Создана жесткая ссылка для em023_32_n9.nup
[2017-02-10, 15:00:11] [ver. 5] Создана жесткая ссылка для em023_32_n10.nup
[2017-02-10, 15:00:11] [ver. 5] Создана жесткая ссылка для em023_32_n11.nup
[2017-02-10, 15:00:11] [ver. 5] Создана жесткая ссылка для em023_32_n12.nup
[2017-02-10, 15:00:11] [ver. 5] Создана жесткая ссылка для em023_32_n13.nup
[2017-02-10, 15:00:11] [ver. 5] Создана жесткая ссылка для em023_32_n14.nup
[2017-02-10, 15:00:11] [ver. 5] Создана жесткая ссылка для em023_32_n15.nup
[2017-02-10, 15:00:11] [ver. 5] Создана жесткая ссылка для em023_32_n16.nup
[2017-02-10, 15:00:11] [ver. 5] Создана жесткая ссылка для em023_32_n17.nup
[2017-02-10, 15:00:11] [ver. 5] Создана жесткая ссылка для em023_32_n18.nup
[2017-02-10, 15:00:11] [ver. 5] Создана жесткая ссылка для em023_32_n19.nup
[2017-02-10, 15:00:11] [ver. 5] Создана жесткая ссылка для em023_32_n20.nup
[2017-02-10, 15:00:11] [ver. 5] Загрузка 1 файлов
[2017-02-10, 15:00:11] [ver. 5] С um06.eset.com загружено em002_32_n1.nup [27.14 KBytes] [247.17 KBytes/s]
[2017-02-10, 15:00:11] [ver. 5] Удалено файлов: 56
[2017-02-10, 15:00:11] [ver. 5] Удалено каталогов: 1
[2017-02-10, 15:00:11] [ver. 5] Общий размер базы: 297.88 MBytes
[2017-02-10, 15:00:11] [ver. 5] Всего загружено: 27.14 KBytes
[2017-02-10, 15:00:11] [ver. 5] Средняя скорость: 183.62 KBytes/s
[2017-02-10, 15:00:11] [ver. 5] Ваша база была успешно обновлена от версии 14914 (20170210) до версии 14915 (20170210)
[2017-02-10, 15:00:12] [ver. 6] Создана жесткая ссылка для em002_32_l2.nup
[2017-02-10, 15:00:12] [ver. 6] Создана жесткая ссылка для em002_32_n2.nup
[2017-02-10, 15:00:12] [ver. 6] Создана жесткая ссылка для em002_32_n3.nup
[2017-02-10, 15:00:12] [ver. 6] Создана жесткая ссылка для em002_32_n4.nup
[2017-02-10, 15:00:12] [ver. 6] Создана жесткая ссылка для em002_32_n5.nup
[2017-02-10, 15:00:12] [ver. 6] Создана жесткая ссылка для em002_32_n6.nup
[2017-02-10, 15:00:12] [ver. 6] Создана жесткая ссылка для em002_32_n7.nup
[2017-02-10, 15:00:12] [ver. 6] Создана жесткая ссылка для em002_32_n8.nup
[2017-02-10, 15:00:12] [ver. 6] Создана жесткая ссылка для em002_32_n9.nup
[2017-02-10, 15:00:12] [ver. 6] Создана жесткая ссылка для em002_32_n10.nup
[2017-02-10, 15:00:12] [ver. 6] Создана жесткая ссылка для em002_32_n11.nup
[2017-02-10, 15:00:12] [ver. 6] Создана жесткая ссылка для em002_32_n12.nup
[2017-02-10, 15:00:12] [ver. 6] Создана жесткая ссылка для em002_32_n13.nup
[2017-02-10, 15:00:12] [ver. 6] Создана жесткая ссылка для em002_32_n14.nup
[2017-02-10, 15:00:12] [ver. 6] Создана жесткая ссылка для em002_32_n15.nup
[2017-02-10, 15:00:12] [ver. 6] Создана жесткая ссылка для em002_32_n16.nup
[2017-02-10, 15:00:12] [ver. 6] Создана жесткая ссылка для em002_32_n17.nup
[2017-02-10, 15:00:12] [ver. 6] Создана жесткая ссылка для em002_32_n18.nup
[2017-02-10, 15:00:12] [ver. 6] Создана жесткая ссылка для em002_32_n19.nup
[2017-02-10, 15:00:12] [ver. 6] Создана жесткая ссылка для em002_32_n20.nup
[2017-02-10, 15:00:12] [ver. 6] Создана жесткая ссылка для em021_32_l1.nup
[2017-02-10, 15:00:12] [ver. 6] Создана жесткая ссылка для em021_32_l2.nup
[2017-02-10, 15:00:12] [ver. 6] Создана жесткая ссылка для em021_32_n1.nup
[2017-02-10, 15:00:12] [ver. 6] Создана жесткая ссылка для em021_32_n2.nup
[2017-02-10, 15:00:12] [ver. 6] Создана жесткая ссылка для em021_32_n3.nup
[2017-02-10, 15:00:12] [ver. 6] Создана жесткая ссылка для em021_32_n4.nup
[2017-02-10, 15:00:12] [ver. 6] Создана жесткая ссылка для em021_32_n5.nup
[2017-02-10, 15:00:12] [ver. 6] Создана жесткая ссылка для em021_32_n6.nup
[2017-02-10, 15:00:12] [ver. 6] Создана жесткая ссылка для em021_32_n7.nup
[2017-02-10, 15:00:12] [ver. 6] Создана жесткая ссылка для em021_32_n8.nup
[2017-02-10, 15:00:12] [ver. 6] Создана жесткая ссылка для em021_32_n9.nup
[2017-02-10, 15:00:12] [ver. 6] Создана жесткая ссылка для em021_32_n10.nup
[2017-02-10, 15:00:12] [ver. 6] Создана жесткая ссылка для em021_32_n11.nup
[2017-02-10, 15:00:12] [ver. 6] Создана жесткая ссылка для em021_32_n12.nup
[2017-02-10, 15:00:12] [ver. 6] Создана жесткая ссылка для em021_32_n13.nup
[2017-02-10, 15:00:12] [ver. 6] Создана жесткая ссылка для em021_32_n14.nup
[2017-02-10, 15:00:12] [ver. 6] Создана жесткая ссылка для em021_32_n15.nup
[2017-02-10, 15:00:12] [ver. 6] Создана жесткая ссылка для em023_32_l2.nup
[2017-02-10, 15:00:12] [ver. 6] Создана жесткая ссылка для em023_32_n1.nup
[2017-02-10, 15:00:12] [ver. 6] Создана жесткая ссылка для em023_32_n2.nup
[2017-02-10, 15:00:12] [ver. 6] Создана жесткая ссылка для em023_32_n3.nup
[2017-02-10, 15:00:12] [ver. 6] Создана жесткая ссылка для em023_32_n4.nup
[2017-02-10, 15:00:12] [ver. 6] Создана жесткая ссылка для em023_32_n5.nup
[2017-02-10, 15:00:12] [ver. 6] Создана жесткая ссылка для em023_32_n6.nup
[2017-02-10, 15:00:12] [ver. 6] Создана жесткая ссылка для em023_32_n7.nup
[2017-02-10, 15:00:12] [ver. 6] Создана жесткая ссылка для em023_32_n8.nup
[2017-02-10, 15:00:12] [ver. 6] Создана жесткая ссылка для em023_32_n9.nup
[2017-02-10, 15:00:12] [ver. 6] Создана жесткая ссылка для em023_32_n10.nup
[2017-02-10, 15:00:12] [ver. 6] Создана жесткая ссылка для em023_32_n11.nup
[2017-02-10, 15:00:12] [ver. 6] Создана жесткая ссылка для em023_32_n12.nup
[2017-02-10, 15:00:12] [ver. 6] Создана жесткая ссылка для em023_32_n13.nup
[2017-02-10, 15:00:12] [ver. 6] Создана жесткая ссылка для em023_32_n14.nup
[2017-02-10, 15:00:12] [ver. 6] Создана жесткая ссылка для em023_32_n15.nup
[2017-02-10, 15:00:12] [ver. 6] Создана жесткая ссылка для em023_32_n16.nup
[2017-02-10, 15:00:12] [ver. 6] Создана жесткая ссылка для em023_32_n17.nup
[2017-02-10, 15:00:12] [ver. 6] Создана жесткая ссылка для em023_32_n18.nup
[2017-02-10, 15:00:12] [ver. 6] Создана жесткая ссылка для em023_32_n19.nup
[2017-02-10, 15:00:12] [ver. 6] Создана жесткая ссылка для em023_32_n20.nup
[2017-02-10, 15:00:12] [ver. 6] Загрузка 1 файлов
[2017-02-10, 15:00:12] [ver. 6] С um06.eset.com загружено em002_32_n1.nup [27.14 KBytes] [351.82 KBytes/s]
[2017-02-10, 15:00:12] [ver. 6] Удалено файлов: 56
[2017-02-10, 15:00:12] [ver. 6] Удалено каталогов: 1
[2017-02-10, 15:00:12] [ver. 6] Общий размер базы: 209.25 MBytes
[2017-02-10, 15:00:12] [ver. 6] Всего загружено: 27.14 KBytes
[2017-02-10, 15:00:12] [ver. 6] Средняя скорость: 259.63 KBytes/s
[2017-02-10, 15:00:12] [ver. 6] Ваша база была успешно обновлена от версии 14914 (20170210) до версии 14915 (20170210)
[2017-02-10, 15:00:13] [ver. 7] Создана жесткая ссылка для em002_32_l2.nup
[2017-02-10, 15:00:13] [ver. 7] Создана жесткая ссылка для em002_32_n2.nup
[2017-02-10, 15:00:13] [ver. 7] Создана жесткая ссылка для em002_32_n3.nup
[2017-02-10, 15:00:13] [ver. 7] Создана жесткая ссылка для em002_32_n4.nup
[2017-02-10, 15:00:13] [ver. 7] Создана жесткая ссылка для em002_32_n5.nup
[2017-02-10, 15:00:13] [ver. 7] Создана жесткая ссылка для em002_32_n6.nup
[2017-02-10, 15:00:13] [ver. 7] Создана жесткая ссылка для em002_32_n7.nup
[2017-02-10, 15:00:13] [ver. 7] Создана жесткая ссылка для em002_32_n8.nup
[2017-02-10, 15:00:13] [ver. 7] Создана жесткая ссылка для em002_32_n9.nup
[2017-02-10, 15:00:13] [ver. 7] Создана жесткая ссылка для em002_32_n10.nup
[2017-02-10, 15:00:13] [ver. 7] Создана жесткая ссылка для em002_32_n11.nup
[2017-02-10, 15:00:13] [ver. 7] Создана жесткая ссылка для em002_32_n12.nup
[2017-02-10, 15:00:13] [ver. 7] Создана жесткая ссылка для em002_32_n13.nup
[2017-02-10, 15:00:13] [ver. 7] Создана жесткая ссылка для em002_32_n14.nup
[2017-02-10, 15:00:13] [ver. 7] Создана жесткая ссылка для em002_32_n15.nup
[2017-02-10, 15:00:13] [ver. 7] Создана жесткая ссылка для em002_32_n16.nup
[2017-02-10, 15:00:13] [ver. 7] Создана жесткая ссылка для em002_32_n17.nup
[2017-02-10, 15:00:13] [ver. 7] Создана жесткая ссылка для em002_32_n18.nup
[2017-02-10, 15:00:13] [ver. 7] Создана жесткая ссылка для em002_32_n19.nup
[2017-02-10, 15:00:13] [ver. 7] Создана жесткая ссылка для em002_32_n20.nup
[2017-02-10, 15:00:13] [ver. 7] Создана жесткая ссылка для em021_32_l1.nup
[2017-02-10, 15:00:13] [ver. 7] Создана жесткая ссылка для em021_32_l2.nup
[2017-02-10, 15:00:13] [ver. 7] Создана жесткая ссылка для em021_32_n1.nup
[2017-02-10, 15:00:13] [ver. 7] Создана жесткая ссылка для em021_32_n2.nup
[2017-02-10, 15:00:13] [ver. 7] Создана жесткая ссылка для em021_32_n3.nup
[2017-02-10, 15:00:13] [ver. 7] Создана жесткая ссылка для em021_32_n4.nup
[2017-02-10, 15:00:13] [ver. 7] Создана жесткая ссылка для em021_32_n5.nup
[2017-02-10, 15:00:13] [ver. 7] Создана жесткая ссылка для em021_32_n6.nup
[2017-02-10, 15:00:13] [ver. 7] Создана жесткая ссылка для em021_32_n7.nup
[2017-02-10, 15:00:13] [ver. 7] Создана жесткая ссылка для em021_32_n8.nup
[2017-02-10, 15:00:13] [ver. 7] Создана жесткая ссылка для em021_32_n9.nup
[2017-02-10, 15:00:13] [ver. 7] Создана жесткая ссылка для em021_32_n10.nup
[2017-02-10, 15:00:13] [ver. 7] Создана жесткая ссылка для em021_32_n11.nup
[2017-02-10, 15:00:13] [ver. 7] Создана жесткая ссылка для em021_32_n12.nup
[2017-02-10, 15:00:13] [ver. 7] Создана жесткая ссылка для em021_32_n13.nup
[2017-02-10, 15:00:13] [ver. 7] Создана жесткая ссылка для em021_32_n14.nup
[2017-02-10, 15:00:13] [ver. 7] Создана жесткая ссылка для em021_32_n15.nup
[2017-02-10, 15:00:13] [ver. 7] Создана жесткая ссылка для em023_32_l2.nup
[2017-02-10, 15:00:13] [ver. 7] Создана жесткая ссылка для em023_32_n1.nup
[2017-02-10, 15:00:13] [ver. 7] Создана жесткая ссылка для em023_32_n2.nup
[2017-02-10, 15:00:13] [ver. 7] Создана жесткая ссылка для em023_32_n3.nup
[2017-02-10, 15:00:13] [ver. 7] Создана жесткая ссылка для em023_32_n4.nup
[2017-02-10, 15:00:13] [ver. 7] Создана жесткая ссылка для em023_32_n5.nup
[2017-02-10, 15:00:13] [ver. 7] Создана жесткая ссылка для em023_32_n6.nup
[2017-02-10, 15:00:13] [ver. 7] Создана жесткая ссылка для em023_32_n7.nup
[2017-02-10, 15:00:13] [ver. 7] Создана жесткая ссылка для em023_32_n8.nup
[2017-02-10, 15:00:13] [ver. 7] Создана жесткая ссылка для em023_32_n9.nup
[2017-02-10, 15:00:13] [ver. 7] Создана жесткая ссылка для em023_32_n10.nup
[2017-02-10, 15:00:13] [ver. 7] Создана жесткая ссылка для em023_32_n11.nup
[2017-02-10, 15:00:13] [ver. 7] Создана жесткая ссылка для em023_32_n12.nup
[2017-02-10, 15:00:13] [ver. 7] Создана жесткая ссылка для em023_32_n13.nup
[2017-02-10, 15:00:13] [ver. 7] Создана жесткая ссылка для em023_32_n14.nup
[2017-02-10, 15:00:13] [ver. 7] Создана жесткая ссылка для em023_32_n15.nup
[2017-02-10, 15:00:13] [ver. 7] Создана жесткая ссылка для em023_32_n16.nup
[2017-02-10, 15:00:13] [ver. 7] Создана жесткая ссылка для em023_32_n17.nup
[2017-02-10, 15:00:13] [ver. 7] Создана жесткая ссылка для em023_32_n18.nup
[2017-02-10, 15:00:13] [ver. 7] Создана жесткая ссылка для em023_32_n19.nup
[2017-02-10, 15:00:13] [ver. 7] Создана жесткая ссылка для em023_32_n20.nup
[2017-02-10, 15:00:13] [ver. 7] Загрузка 1 файлов
[2017-02-10, 15:00:13] [ver. 7] С um06.eset.com загружено em002_32_n1.nup [27.14 KBytes] [252.09 KBytes/s]
[2017-02-10, 15:00:13] [ver. 7] Удалено файлов: 56
[2017-02-10, 15:00:13] [ver. 7] Удалено каталогов: 1
[2017-02-10, 15:00:13] [ver. 7] Общий размер базы: 136.7 MBytes
[2017-02-10, 15:00:13] [ver. 7] Всего загружено: 27.14 KBytes
[2017-02-10, 15:00:13] [ver. 7] Средняя скорость: 200.13 KBytes/s
[2017-02-10, 15:00:13] [ver. 7] Ваша база была успешно обновлена от версии 14914 (20170210) до версии 14915 (20170210)
[2017-02-10, 15:00:14] [ver. 8] Создана жесткая ссылка для em002_32_l2.nup
[2017-02-10, 15:00:14] [ver. 8] Создана жесткая ссылка для em002_32_n1.nup
[2017-02-10, 15:00:14] [ver. 8] Создана жесткая ссылка для em002_32_n2.nup
[2017-02-10, 15:00:14] [ver. 8] Создана жесткая ссылка для em002_32_n3.nup
[2017-02-10, 15:00:14] [ver. 8] Создана жесткая ссылка для em002_32_n4.nup
[2017-02-10, 15:00:14] [ver. 8] Создана жесткая ссылка для em002_32_n5.nup
[2017-02-10, 15:00:14] [ver. 8] Создана жесткая ссылка для em002_32_n6.nup
[2017-02-10, 15:00:14] [ver. 8] Создана жесткая ссылка для em002_32_n7.nup
[2017-02-10, 15:00:14] [ver. 8] Создана жесткая ссылка для em002_32_n8.nup
[2017-02-10, 15:00:14] [ver. 8] Создана жесткая ссылка для em002_32_n9.nup
[2017-02-10, 15:00:14] [ver. 8] Создана жесткая ссылка для em002_32_n10.nup
[2017-02-10, 15:00:14] [ver. 8] Создана жесткая ссылка для em002_32_n11.nup
[2017-02-10, 15:00:14] [ver. 8] Создана жесткая ссылка для em002_32_n12.nup
[2017-02-10, 15:00:14] [ver. 8] Создана жесткая ссылка для em002_32_n13.nup
[2017-02-10, 15:00:14] [ver. 8] Создана жесткая ссылка для em002_32_n14.nup
[2017-02-10, 15:00:14] [ver. 8] Создана жесткая ссылка для em002_32_n15.nup
[2017-02-10, 15:00:14] [ver. 8] Создана жесткая ссылка для em002_32_n16.nup
[2017-02-10, 15:00:14] [ver. 8] Создана жесткая ссылка для em002_32_n17.nup
[2017-02-10, 15:00:14] [ver. 8] Создана жесткая ссылка для em002_32_n18.nup
[2017-02-10, 15:00:14] [ver. 8] Создана жесткая ссылка для em002_32_n19.nup
[2017-02-10, 15:00:14] [ver. 8] Создана жесткая ссылка для em002_32_n20.nup
[2017-02-10, 15:00:14] [ver. 8] Создана жесткая ссылка для em021_32_l1.nup
[2017-02-10, 15:00:14] [ver. 8] Создана жесткая ссылка для em021_32_l2.nup
[2017-02-10, 15:00:14] [ver. 8] Создана жесткая ссылка для em021_32_n1.nup
[2017-02-10, 15:00:14] [ver. 8] Создана жесткая ссылка для em021_32_n2.nup
[2017-02-10, 15:00:14] [ver. 8] Создана жесткая ссылка для em021_32_n3.nup
[2017-02-10, 15:00:14] [ver. 8] Создана жесткая ссылка для em021_32_n4.nup
[2017-02-10, 15:00:14] [ver. 8] Создана жесткая ссылка для em021_32_n5.nup
[2017-02-10, 15:00:14] [ver. 8] Создана жесткая ссылка для em021_32_n6.nup
[2017-02-10, 15:00:14] [ver. 8] Создана жесткая ссылка для em021_32_n7.nup
[2017-02-10, 15:00:14] [ver. 8] Создана жесткая ссылка для em021_32_n8.nup
[2017-02-10, 15:00:14] [ver. 8] Создана жесткая ссылка для em021_32_n9.nup
[2017-02-10, 15:00:14] [ver. 8] Создана жесткая ссылка для em021_32_n10.nup
[2017-02-10, 15:00:14] [ver. 8] Создана жесткая ссылка для em021_32_n11.nup
[2017-02-10, 15:00:14] [ver. 8] Создана жесткая ссылка для em021_32_n12.nup
[2017-02-10, 15:00:14] [ver. 8] Создана жесткая ссылка для em021_32_n13.nup
[2017-02-10, 15:00:14] [ver. 8] Создана жесткая ссылка для em021_32_n14.nup
[2017-02-10, 15:00:14] [ver. 8] Создана жесткая ссылка для em021_32_n15.nup
[2017-02-10, 15:00:14] [ver. 8] Создана жесткая ссылка для em023_32_l2.nup
[2017-02-10, 15:00:14] [ver. 8] Создана жесткая ссылка для em023_32_n1.nup
[2017-02-10, 15:00:14] [ver. 8] Создана жесткая ссылка для em023_32_n2.nup
[2017-02-10, 15:00:14] [ver. 8] Создана жесткая ссылка для em023_32_n3.nup
[2017-02-10, 15:00:14] [ver. 8] Создана жесткая ссылка для em023_32_n4.nup
[2017-02-10, 15:00:14] [ver. 8] Создана жесткая ссылка для em023_32_n5.nup
[2017-02-10, 15:00:14] [ver. 8] Создана жесткая ссылка для em023_32_n6.nup
[2017-02-10, 15:00:14] [ver. 8] Создана жесткая ссылка для em023_32_n7.nup
[2017-02-10, 15:00:14] [ver. 8] Создана жесткая ссылка для em023_32_n8.nup
[2017-02-10, 15:00:14] [ver. 8] Создана жесткая ссылка для em023_32_n9.nup
[2017-02-10, 15:00:14] [ver. 8] Создана жесткая ссылка для em023_32_n10.nup
[2017-02-10, 15:00:14] [ver. 8] Создана жесткая ссылка для em023_32_n11.nup
[2017-02-10, 15:00:14] [ver. 8] Создана жесткая ссылка для em023_32_n12.nup
[2017-02-10, 15:00:14] [ver. 8] Создана жесткая ссылка для em023_32_n13.nup
[2017-02-10, 15:00:14] [ver. 8] Создана жесткая ссылка для em023_32_n14.nup
[2017-02-10, 15:00:14] [ver. 8] Создана жесткая ссылка для em023_32_n15.nup
[2017-02-10, 15:00:14] [ver. 8] Создана жесткая ссылка для em023_32_n16.nup
[2017-02-10, 15:00:14] [ver. 8] Создана жесткая ссылка для em023_32_n17.nup
[2017-02-10, 15:00:14] [ver. 8] Создана жесткая ссылка для em023_32_n18.nup
[2017-02-10, 15:00:14] [ver. 8] Создана жесткая ссылка для em023_32_n19.nup
[2017-02-10, 15:00:14] [ver. 8] Создана жесткая ссылка для em023_32_n20.nup
[2017-02-10, 15:00:14] [ver. 8] Удалено файлов: 56
[2017-02-10, 15:00:14] [ver. 8] Удалено каталогов: 1
[2017-02-10, 15:00:14] [ver. 8] Общий размер базы: 136.71 MBytes
[2017-02-10, 15:00:14] [ver. 8] Ваша база была успешно обновлена от версии 14914 (20170210) до версии 14915 (20170210)
[2017-02-10, 15:00:14] [ver. 9] Создана жесткая ссылка для em002_32_l2.nup
[2017-02-10, 15:00:14] [ver. 9] Создана жесткая ссылка для em002_32_n1.nup
[2017-02-10, 15:00:14] [ver. 9] Создана жесткая ссылка для em002_32_n2.nup
[2017-02-10, 15:00:14] [ver. 9] Создана жесткая ссылка для em002_32_n3.nup
[2017-02-10, 15:00:14] [ver. 9] Создана жесткая ссылка для em002_32_n4.nup
[2017-02-10, 15:00:14] [ver. 9] Создана жесткая ссылка для em002_32_n5.nup
[2017-02-10, 15:00:14] [ver. 9] Создана жесткая ссылка для em002_32_n6.nup
[2017-02-10, 15:00:14] [ver. 9] Создана жесткая ссылка для em002_32_n7.nup
[2017-02-10, 15:00:14] [ver. 9] Создана жесткая ссылка для em002_32_n8.nup
[2017-02-10, 15:00:14] [ver. 9] Создана жесткая ссылка для em002_32_n9.nup
[2017-02-10, 15:00:14] [ver. 9] Создана жесткая ссылка для em002_32_n10.nup
[2017-02-10, 15:00:14] [ver. 9] Создана жесткая ссылка для em002_32_n11.nup
[2017-02-10, 15:00:14] [ver. 9] Создана жесткая ссылка для em002_32_n12.nup
[2017-02-10, 15:00:14] [ver. 9] Создана жесткая ссылка для em002_32_n13.nup
[2017-02-10, 15:00:14] [ver. 9] Создана жесткая ссылка для em002_32_n14.nup
[2017-02-10, 15:00:14] [ver. 9] Создана жесткая ссылка для em002_32_n15.nup
[2017-02-10, 15:00:14] [ver. 9] Создана жесткая ссылка для em002_32_n16.nup
[2017-02-10, 15:00:15] [ver. 9] Создана жесткая ссылка для em002_32_n17.nup
[2017-02-10, 15:00:15] [ver. 9] Создана жесткая ссылка для em002_32_n18.nup
[2017-02-10, 15:00:15] [ver. 9] Создана жесткая ссылка для em002_32_n19.nup
[2017-02-10, 15:00:15] [ver. 9] Создана жесткая ссылка для em002_32_n20.nup
[2017-02-10, 15:00:15] [ver. 9] Создана жесткая ссылка для em021_32_l1.nup
[2017-02-10, 15:00:15] [ver. 9] Создана жесткая ссылка для em021_32_l2.nup
[2017-02-10, 15:00:15] [ver. 9] Создана жесткая ссылка для em021_32_n1.nup
[2017-02-10, 15:00:15] [ver. 9] Создана жесткая ссылка для em021_32_n2.nup
[2017-02-10, 15:00:15] [ver. 9] Создана жесткая ссылка для em021_32_n3.nup
[2017-02-10, 15:00:15] [ver. 9] Создана жесткая ссылка для em021_32_n4.nup
[2017-02-10, 15:00:15] [ver. 9] Создана жесткая ссылка для em021_32_n5.nup
[2017-02-10, 15:00:15] [ver. 9] Создана жесткая ссылка для em021_32_n6.nup
[2017-02-10, 15:00:15] [ver. 9] Создана жесткая ссылка для em021_32_n7.nup
[2017-02-10, 15:00:15] [ver. 9] Создана жесткая ссылка для em021_32_n8.nup
[2017-02-10, 15:00:15] [ver. 9] Создана жесткая ссылка для em021_32_n9.nup
[2017-02-10, 15:00:15] [ver. 9] Создана жесткая ссылка для em021_32_n10.nup
[2017-02-10, 15:00:15] [ver. 9] Создана жесткая ссылка для em021_32_n11.nup
[2017-02-10, 15:00:15] [ver. 9] Создана жесткая ссылка для em021_32_n12.nup
[2017-02-10, 15:00:15] [ver. 9] Создана жесткая ссылка для em021_32_n13.nup
[2017-02-10, 15:00:15] [ver. 9] Создана жесткая ссылка для em021_32_n14.nup
[2017-02-10, 15:00:15] [ver. 9] Создана жесткая ссылка для em021_32_n15.nup
[2017-02-10, 15:00:15] [ver. 9] Создана жесткая ссылка для em023_32_l2.nup
[2017-02-10, 15:00:15] [ver. 9] Создана жесткая ссылка для em023_32_n1.nup
[2017-02-10, 15:00:15] [ver. 9] Создана жесткая ссылка для em023_32_n2.nup
[2017-02-10, 15:00:15] [ver. 9] Создана жесткая ссылка для em023_32_n3.nup
[2017-02-10, 15:00:15] [ver. 9] Создана жесткая ссылка для em023_32_n4.nup
[2017-02-10, 15:00:15] [ver. 9] Создана жесткая ссылка для em023_32_n5.nup
[2017-02-10, 15:00:15] [ver. 9] Создана жесткая ссылка для em023_32_n6.nup
[2017-02-10, 15:00:15] [ver. 9] Создана жесткая ссылка для em023_32_n7.nup
[2017-02-10, 15:00:15] [ver. 9] Создана жесткая ссылка для em023_32_n8.nup
[2017-02-10, 15:00:15] [ver. 9] Создана жесткая ссылка для em023_32_n9.nup
[2017-02-10, 15:00:15] [ver. 9] Создана жесткая ссылка для em023_32_n10.nup
[2017-02-10, 15:00:15] [ver. 9] Создана жесткая ссылка для em023_32_n11.nup
[2017-02-10, 15:00:15] [ver. 9] Создана жесткая ссылка для em023_32_n12.nup
[2017-02-10, 15:00:15] [ver. 9] Создана жесткая ссылка для em023_32_n13.nup
[2017-02-10, 15:00:15] [ver. 9] Создана жесткая ссылка для em023_32_n14.nup
[2017-02-10, 15:00:15] [ver. 9] Создана жесткая ссылка для em023_32_n15.nup
[2017-02-10, 15:00:15] [ver. 9] Создана жесткая ссылка для em023_32_n16.nup
[2017-02-10, 15:00:15] [ver. 9] Создана жесткая ссылка для em023_32_n17.nup
[2017-02-10, 15:00:15] [ver. 9] Создана жесткая ссылка для em023_32_n18.nup
[2017-02-10, 15:00:15] [ver. 9] Создана жесткая ссылка для em023_32_n19.nup
[2017-02-10, 15:00:15] [ver. 9] Создана жесткая ссылка для em023_32_n20.nup
[2017-02-10, 15:00:15] [ver. 9] Загрузка 59 файлов
[2017-02-10, 15:00:15] [ver. 9] С um06.eset.com загружено em002_64_n1.nup [20.52 KBytes] [266.36 KBytes/s]
[2017-02-10, 15:00:15] [ver. 9] С um06.eset.com загружено em002_64_n5.nup [52.37 KBytes] [465.54 KBytes/s]
[2017-02-10, 15:00:15] [ver. 9] С um06.eset.com загружено em021_64_l1.nup [58.46 KBytes] [741.81 KBytes/s]
[2017-02-10, 15:00:15] [ver. 9] С um06.eset.com загружено em002_64_n6.nup [68.6 KBytes] [376.5 KBytes/s]
[2017-02-10, 15:00:15] [ver. 9] С um06.eset.com загружено em023_64_n17.nup [215.97 KBytes] [1.03 MBytes/s]
[2017-02-10, 15:00:15] [ver. 9] С um06.eset.com загружено em002_64_n9.nup [112.44 KBytes] [514.1 KBytes/s]
[2017-02-10, 15:00:15] [ver. 9] С um06.eset.com загружено em021_64_n3.nup [122.11 KBytes] [555.76 KBytes/s]
[2017-02-10, 15:00:15] [ver. 9] С um06.eset.com загружено em021_64_n11.nup [296.38 KBytes] [1.25 MBytes/s]
[2017-02-10, 15:00:15] [ver. 9] С um06.eset.com загружено em021_64_n10.nup [291.54 KBytes] [1.12 MBytes/s]
[2017-02-10, 15:00:15] [ver. 9] С um06.eset.com загружено em002_64_n3.nup [36.54 KBytes] [985.68 KBytes/s]
[2017-02-10, 15:00:15] [ver. 9] С um06.eset.com загружено em002_64_n19.nup [200.34 KBytes] [1.52 MBytes/s]
[2017-02-10, 15:00:15] [ver. 9] С um06.eset.com загружено em021_64_n13.nup [340.88 KBytes] [1.18 MBytes/s]
[2017-02-10, 15:00:15] [ver. 9] С um06.eset.com загружено em023_64_n20.nup [228.32 KBytes] [791.62 KBytes/s]
[2017-02-10, 15:00:15] [ver. 9] С um06.eset.com загружено em021_64_n2.nup [101.3 KBytes] [923.66 KBytes/s]
[2017-02-10, 15:00:15] [ver. 9] С um06.eset.com загружено em023_64_n14.nup [196.75 KBytes] [1.41 MBytes/s]
[2017-02-10, 15:00:15] [ver. 9] С um06.eset.com загружено em023_64_n7.nup [118.44 KBytes] [1.05 MBytes/s]
[2017-02-10, 15:00:15] [ver. 9] С um06.eset.com загружено em002_64_n15.nup [167.53 KBytes] [1.56 MBytes/s]
[2017-02-10, 15:00:15] [ver. 9] С um06.eset.com загружено em002_64_n17.nup [180.03 KBytes] [2.16 MBytes/s]
[2017-02-10, 15:00:15] [ver. 9] С um06.eset.com загружено em002_64_n8.nup [108.31 KBytes] [1.42 MBytes/s]
[2017-02-10, 15:00:15] [ver. 9] С um06.eset.com загружено em023_64_n12.nup [188.39 KBytes] [1.73 MBytes/s]
[2017-02-10, 15:00:15] [ver. 9] С um06.eset.com загружено em023_64_n18.nup [221.37 KBytes] [2.08 MBytes/s]
[2017-02-10, 15:00:15] [ver. 9] С um06.eset.com загружено em002_64_n20.nup [207.21 KBytes] [1.39 MBytes/s]
[2017-02-10, 15:00:15] [ver. 9] С um06.eset.com загружено em021_64_n14.nup [352.1 KBytes] [1.9 MBytes/s]
[2017-02-10, 15:00:15] [ver. 9] С um06.eset.com загружено em023_64_n8.nup [151.12 KBytes] [1.35 MBytes/s]
[2017-02-10, 15:00:15] [ver. 9] С um06.eset.com загружено em023_64_n15.nup [202.3 KBytes] [1.87 MBytes/s]
[2017-02-10, 15:00:15] [ver. 9] С um06.eset.com загружено em021_64_n7.nup [266.42 KBytes] [1.19 MBytes/s]
[2017-02-10, 15:00:15] [ver. 9] С um06.eset.com загружено em023_64_n6.nup [112.61 KBytes] [2.1 MBytes/s]
[2017-02-10, 15:00:15] [ver. 9] С um06.eset.com загружено em023_64_n3.nup [87.87 KBytes] [1.67 MBytes/s]
[2017-02-10, 15:00:15] [ver. 9] С um06.eset.com загружено em021_64_n8.nup [274.87 KBytes] [2.07 MBytes/s]
[2017-02-10, 15:00:15] [ver. 9] С um06.eset.com загружено em021_64_n5.nup [165.62 KBytes] [1.12 MBytes/s]
[2017-02-10, 15:00:15] [ver. 9] С um06.eset.com загружено em021_64_n12.nup [326.96 KBytes] [1.76 MBytes/s]
[2017-02-10, 15:00:15] [ver. 9] С um06.eset.com загружено em023_64_n9.nup [166.05 KBytes] [1.57 MBytes/s]
[2017-02-10, 15:00:15] [ver. 9] С um06.eset.com загружено em023_64_n2.nup [45.29 KBytes] [1.52 MBytes/s]
[2017-02-10, 15:00:16] [ver. 9] С um06.eset.com загружено em002_64_n2.nup [30.39 KBytes] [1.15 MBytes/s]
[2017-02-10, 15:00:16] [ver. 9] С um06.eset.com загружено em002_64_n16.nup [171.58 KBytes] [2.11 MBytes/s]
[2017-02-10, 15:00:16] [ver. 9] С um06.eset.com загружено em023_64_n5.nup [106.83 KBytes] [1.97 MBytes/s]
[2017-02-10, 15:00:16] [ver. 9] С um06.eset.com загружено em023_64_n10.nup [175.18 KBytes] [1.18 MBytes/s]
[2017-02-10, 15:00:16] [ver. 9] С um06.eset.com загружено em002_64_n4.nup [39.46 KBytes] [1.46 MBytes/s]
[2017-02-10, 15:00:16] [ver. 9] С um06.eset.com загружено em023_64_l2.nup [87.86 KBytes] [1.61 MBytes/s]
[2017-02-10, 15:00:16] [ver. 9] С um06.eset.com загружено em002_64_n11.nup [126.61 KBytes] [1.12 MBytes/s]
[2017-02-10, 15:00:16] [ver. 9] С um06.eset.com загружено em023_64_n11.nup [178.57 KBytes] [1.17 MBytes/s]
[2017-02-10, 15:00:16] [ver. 9] С um06.eset.com загружено em002_64_n14.nup [164.2 KBytes] [2 MBytes/s]
[2017-02-10, 15:00:16] [ver. 9] С um06.eset.com загружено em002_64_n7.nup [79.65 KBytes] [1.52 MBytes/s]
[2017-02-10, 15:00:16] [ver. 9] С um06.eset.com загружено em002_64_n10.nup [116.1 KBytes] [2.19 MBytes/s]
[2017-02-10, 15:00:16] [ver. 9] С um06.eset.com загружено em002_64_n13.nup [157.35 KBytes] [1.37 MBytes/s]
[2017-02-10, 15:00:16] [ver. 9] С um06.eset.com загружено em021_64_n1.nup [58.46 KBytes] [2.16 MBytes/s]
[2017-02-10, 15:00:16] [ver. 9] С um06.eset.com загружено em023_64_n1.nup [12 KBytes] [325.11 KBytes/s]
[2017-02-10, 15:00:16] [ver. 9] С um06.eset.com загружено em023_64_n16.nup [208.23 KBytes] [2 MBytes/s]
[2017-02-10, 15:00:16] [ver. 9] С um06.eset.com загружено em021_64_n4.nup [153.45 KBytes] [1.93 MBytes/s]
[2017-02-10, 15:00:16] [ver. 9] С um06.eset.com загружено em002_64_n18.nup [190.22 KBytes] [1.81 MBytes/s]
[2017-02-10, 15:00:16] [ver. 9] С um06.eset.com загружено em023_64_n13.nup [196.22 KBytes] [1.31 MBytes/s]
[2017-02-10, 15:00:16] [ver. 9] С um06.eset.com загружено em021_64_n9.nup [284.92 KBytes] [1.79 MBytes/s]
[2017-02-10, 15:00:16] [ver. 9] С um06.eset.com загружено em023_64_n4.nup [95.53 KBytes] [1.71 MBytes/s]
[2017-02-10, 15:00:16] [ver. 9] С um06.eset.com загружено em023_64_n19.nup [223.71 KBytes] [1.2 MBytes/s]
[2017-02-10, 15:00:16] [ver. 9] С um06.eset.com загружено em021_64_n15.nup [359.87 KBytes] [1.73 MBytes/s]
[2017-02-10, 15:00:16] [ver. 9] С um06.eset.com загружено em021_64_n6.nup [259.42 KBytes] [1.39 MBytes/s]
[2017-02-10, 15:00:17] [ver. 9] С um06.eset.com загружено em002_64_l2.nup [2.62 MBytes] [1.89 MBytes/s]
[2017-02-10, 15:00:51] [ver. 9] С um06.eset.com загружено em002_64_l0.nup [45.21 MBytes] [1.28 MBytes/s]
[2017-02-10, 15:00:51] [ver. 9] Удалено файлов: 112
[2017-02-10, 15:00:51] [ver. 9] Удалено каталогов: 1
[2017-02-10, 15:00:51] [ver. 9] Общий размер базы: 259.06 MBytes
[2017-02-10, 15:00:51] [ver. 9] Всего загружено: 56.78 MBytes
[2017-02-10, 15:00:51] [ver. 9] Средняя скорость: 1.58 MBytes/s
[2017-02-10, 15:00:51] [ver. 9] Ваша база была успешно обновлена от версии 14914 (20170210) до версии 14915 (20170210)
[2017-02-10, 15:00:51] Общий размер всех баз: 1.38 GBytes
[2017-02-10, 15:00:51] Всего загружено для всех баз: 67.63 MBytes
[2017-02-10, 15:00:51] Средняя скорость для всех баз: 1.34 MBytes/s
[2017-02-10, 15:00:51] Generating html...
[2017-02-10, 15:00:51] Общее время выполнения: 00:51
[2017-02-10, 15:00:51] Скрипт остановлен.
[2017-02-10, 16:00:00] Запущен скрипт 1.0.191014 [Freedom for Ukraine]
[2017-02-10, 16:00:00] Будет использован ключ [EAV-0189467859:7b96dpbc6u] Срок действия 22.03.17
[2017-02-10, 16:00:06] [ver. 3] Ваша база актуальна 14915 (20170210)
[2017-02-10, 16:00:07] [ver. 4] Ваша база актуальна 14915 (20170210)
[2017-02-10, 16:00:07] [ver. 5] Ваша база актуальна 14915 (20170210)
[2017-02-10, 16:00:07] [ver. 6] Ваша база актуальна 14915 (20170210)
[2017-02-10, 16:00:07] [ver. 7] Ваша база актуальна 14915 (20170210)
[2017-02-10, 16:00:07] [ver. 8] Ваша база актуальна 14915 (20170210)
[2017-02-10, 16:00:08] [ver. 9] Ваша база актуальна 14915 (20170210)
[2017-02-10, 16:00:08] Generating html...
[2017-02-10, 16:00:08] Общее время выполнения: 00:08
[2017-02-10, 16:00:08] Скрипт остановлен.
